<?xml version="1.0" encoding="UTF-8"?>
<!-- Generated by org.testng.reporters.JUnitReportReporter -->
<testsuite hostname="All-is-Well" failures="0" tests="1" name="testCases.TC_001_AccountRegistrationTest" time="3.046" errors="0" timestamp="2023-07-16T14:43:22 IST" skipped="0">
  <testcase classname="testCases.TC_001_AccountRegistrationTest" name="test_AccountRegistration" time="3.046"/>
</testsuite> <!-- testCases.TC_001_AccountRegistrationTest -->
