<?xml version="1.0" encoding="UTF-8"?>
<!-- Generated by org.testng.reporters.JUnitReportReporter -->
<testsuite hostname="All-is-Well" failures="0" tests="1" name="testCases.TC_002_LoginTest" time="1.368" errors="0" timestamp="2023-07-16T17:49:15 IST" skipped="0">
  <testcase classname="testCases.TC_002_LoginTest" name="test_loginTest" time="1.368"/>
</testsuite> <!-- testCases.TC_002_LoginTest -->
