<?xml version="1.0" encoding="UTF-8"?>
<!-- Generated by org.testng.reporters.JUnitReportReporter -->
<testsuite hostname="All-is-Well" failures="0" tests="1" name="testCases.TC_002_LoginTest" time="1.247" errors="0" timestamp="2023-07-16T17:53:16 IST" skipped="0">
  <testcase classname="testCases.TC_002_LoginTest" name="test_loginTest" time="1.247"/>
</testsuite> <!-- testCases.TC_002_LoginTest -->
